-encoding
UTF-8
-outxml
-source
7
-target
7
-classpath
C:\Users\Abhishek\.m2\repository\commons-io\commons-io\2.4\commons-io-2.4.jar;C:\Users\Abhishek\.m2\repository\taglibs\standard\1.1.2\standard-1.1.2.jar;C:\Users\Abhishek\.m2\repository\commons-fileupload\commons-fileupload\1.2.2\commons-fileupload-1.2.2.jar;C:\Users\Abhishek\.m2\repository\junit\junit\4.11\junit-4.11.jar;C:\Users\Abhishek\.m2\repository\log4j\log4j\1.2.17\log4j-1.2.17.jar;C:\Users\Abhishek\.m2\repository\org\slf4j\slf4j-api\1.7.5\slf4j-api-1.7.5.jar;C:\Users\Abhishek\.m2\repository\org\slf4j\jcl-over-slf4j\1.7.5\jcl-over-slf4j-1.7.5.jar;C:\Users\Abhishek\.m2\repository\org\slf4j\slf4j-log4j12\1.7.5\slf4j-log4j12-1.7.5.jar;C:\Users\Abhishek\.m2\repository\org\aspectj\aspectjrt\1.7.2\aspectjrt-1.7.2.jar;C:\Users\Abhishek\.m2\repository\org\aspectj\aspectjweaver\1.7.2\aspectjweaver-1.7.2.jar;C:\Users\Abhishek\.m2\repository\javax\servlet\servlet-api\2.5\servlet-api-2.5.jar;C:\Users\Abhishek\.m2\repository\net\sf\flexjson\flexjson\2.1\flexjson-2.1.jar;C:\Users\Abhishek\.m2\repository\org\apache\commons\commons-lang3\3.1\commons-lang3-3.1.jar;C:\Users\Abhishek\.m2\repository\org\springframework\roo\org.springframework.roo.annotations\1.2.5.RELEASE\org.springframework.roo.annotations-1.2.5.RELEASE.jar;C:\Users\Abhishek\.m2\repository\org\springframework\spring-core\3.2.3.RELEASE\spring-core-3.2.3.RELEASE.jar;C:\Users\Abhishek\.m2\repository\org\springframework\spring-test\3.2.3.RELEASE\spring-test-3.2.3.RELEASE.jar;C:\Users\Abhishek\.m2\repository\org\springframework\spring-context\3.2.3.RELEASE\spring-context-3.2.3.RELEASE.jar;C:\Users\Abhishek\.m2\repository\org\springframework\spring-aop\3.2.3.RELEASE\spring-aop-3.2.3.RELEASE.jar;C:\Users\Abhishek\.m2\repository\org\springframework\spring-aspects\3.2.3.RELEASE\spring-aspects-3.2.3.RELEASE.jar;C:\Users\Abhishek\.m2\repository\mysql\mysql-connector-java\5.1.18\mysql-connector-java-5.1.18.jar;C:\Users\Abhishek\.m2\repository\org\hibernate\hibernate-core\4.2.2.Final\hibernate-core-4.2.2.Final.jar;C:\Users\Abhishek\.m2\repository\org\hibernate\hibernate-entitymanager\4.2.2.Final\hibernate-entitymanager-4.2.2.Final.jar;C:\Users\Abhishek\.m2\repository\org\hibernate\javax\persistence\hibernate-jpa-2.0-api\1.0.1.Final\hibernate-jpa-2.0-api-1.0.1.Final.jar;C:\Users\Abhishek\.m2\repository\commons-collections\commons-collections\3.2.1\commons-collections-3.2.1.jar;C:\Users\Abhishek\.m2\repository\org\hibernate\hibernate-validator\4.3.1.Final\hibernate-validator-4.3.1.Final.jar;C:\Users\Abhishek\.m2\repository\javax\validation\validation-api\1.0.0.GA\validation-api-1.0.0.GA.jar;C:\Users\Abhishek\.m2\repository\javax\transaction\jta\1.1\jta-1.1.jar;C:\Users\Abhishek\.m2\repository\org\springframework\spring-jdbc\3.2.3.RELEASE\spring-jdbc-3.2.3.RELEASE.jar;C:\Users\Abhishek\.m2\repository\org\springframework\spring-orm\3.2.3.RELEASE\spring-orm-3.2.3.RELEASE.jar;C:\Users\Abhishek\.m2\repository\commons-pool\commons-pool\1.5.6\commons-pool-1.5.6.jar;C:\Users\Abhishek\.m2\repository\commons-dbcp\commons-dbcp\1.4\commons-dbcp-1.4.jar;C:\Users\Abhishek\.m2\repository\org\springframework\spring-webmvc\3.2.3.RELEASE\spring-webmvc-3.2.3.RELEASE.jar;C:\Users\Abhishek\.m2\repository\org\springframework\webflow\spring-js-resources\2.2.1.RELEASE\spring-js-resources-2.2.1.RELEASE.jar;C:\Users\Abhishek\.m2\repository\commons-digester\commons-digester\2.1\commons-digester-2.1.jar;C:\Users\Abhishek\.m2\repository\javax\servlet\jsp\jstl\jstl-api\1.2\jstl-api-1.2.jar;C:\Users\Abhishek\.m2\repository\org\glassfish\web\jstl-impl\1.2\jstl-impl-1.2.jar;C:\Users\Abhishek\.m2\repository\javax\el\el-api\2.2\el-api-2.2.jar;C:\Users\Abhishek\.m2\repository\joda-time\joda-time\1.6\joda-time-1.6.jar;C:\Users\Abhishek\.m2\repository\javax\servlet\jsp\jsp-api\2.1\jsp-api-2.1.jar;C:\Users\Abhishek\.m2\repository\commons-codec\commons-codec\1.5\commons-codec-1.5.jar;C:\Users\Abhishek\.m2\repository\org\apache\tiles\tiles-jsp\2.2.2\tiles-jsp-2.2.2.jar;C:\Users\Abhishek\.m2\repository\org\springframework\spring-beans\3.2.3.RELEASE\spring-beans-3.2.3.RELEASE.jar;C:\Users\Abhishek\.m2\repository\org\springframework\spring-expression\3.2.3.RELEASE\spring-expression-3.2.3.RELEASE.jar;C:\Users\Abhishek\.m2\repository\aopalliance\aopalliance\1.0\aopalliance-1.0.jar;C:\Users\Abhishek\.m2\repository\org\springframework\spring-context-support\3.2.3.RELEASE\spring-context-support-3.2.3.RELEASE.jar;C:\Users\Abhishek\.m2\repository\antlr\antlr\2.7.7\antlr-2.7.7.jar;C:\Users\Abhishek\.m2\repository\org\jboss\logging\jboss-logging\3.1.0.GA\jboss-logging-3.1.0.GA.jar;C:\Users\Abhishek\.m2\repository\dom4j\dom4j\1.6.1\dom4j-1.6.1.jar;C:\Users\Abhishek\.m2\repository\org\jboss\spec\javax\transaction\jboss-transaction-api_1.1_spec\1.0.1.Final\jboss-transaction-api_1.1_spec-1.0.1.Final.jar;C:\Users\Abhishek\.m2\repository\org\hibernate\common\hibernate-commons-annotations\4.0.2.Final\hibernate-commons-annotations-4.0.2.Final.jar;C:\Users\Abhishek\.m2\repository\org\javassist\javassist\3.15.0-GA\javassist-3.15.0-GA.jar;C:\Users\Abhishek\.m2\repository\org\springframework\spring-tx\3.2.3.RELEASE\spring-tx-3.2.3.RELEASE.jar;C:\Users\Abhishek\.m2\repository\org\springframework\spring-web\3.2.3.RELEASE\spring-web-3.2.3.RELEASE.jar;C:\Users\Abhishek\.m2\repository\commons-beanutils\commons-beanutils\1.8.3\commons-beanutils-1.8.3.jar;C:\Users\Abhishek\.m2\repository\org\apache\tiles\tiles-servlet\2.2.2\tiles-servlet-2.2.2.jar;C:\Users\Abhishek\.m2\repository\org\apache\tiles\tiles-core\2.2.2\tiles-core-2.2.2.jar;C:\Users\Abhishek\.m2\repository\org\apache\tiles\tiles-template\2.2.2\tiles-template-2.2.2.jar;C:\Users\Abhishek\.m2\repository\org\apache\tiles\tiles-api\2.2.2\tiles-api-2.2.2.jar;G:\Backup project\Project-Navigation-System\target\classes
-aspectpath
C:\Users\Abhishek\.m2\repository\org\springframework\spring-aspects\3.2.3.RELEASE\spring-aspects-3.2.3.RELEASE.jar
-d
G:\Backup project\Project-Navigation-System\target\classes
G:\Backup project\Project-Navigation-System\src\main\java\com\fiftyhertz\pns\domain\ClassDetails.java
G:\Backup project\Project-Navigation-System\src\main\java\com\fiftyhertz\pns\domain\ClassDetails_Roo_Configurable.aj
G:\Backup project\Project-Navigation-System\src\main\java\com\fiftyhertz\pns\domain\ClassDetails_Roo_Finder.aj
G:\Backup project\Project-Navigation-System\src\main\java\com\fiftyhertz\pns\domain\ClassDetails_Roo_JavaBean.aj
G:\Backup project\Project-Navigation-System\src\main\java\com\fiftyhertz\pns\domain\ClassDetails_Roo_Jpa_ActiveRecord.aj
G:\Backup project\Project-Navigation-System\src\main\java\com\fiftyhertz\pns\domain\ClassDetails_Roo_Jpa_Entity.aj
G:\Backup project\Project-Navigation-System\src\main\java\com\fiftyhertz\pns\domain\ClassDetails_Roo_Json.aj
G:\Backup project\Project-Navigation-System\src\main\java\com\fiftyhertz\pns\domain\ClassDetails_Roo_ToString.aj
G:\Backup project\Project-Navigation-System\src\main\java\com\fiftyhertz\pns\domain\MethodArgList.java
G:\Backup project\Project-Navigation-System\src\main\java\com\fiftyhertz\pns\domain\MethodArgList_Roo_Configurable.aj
G:\Backup project\Project-Navigation-System\src\main\java\com\fiftyhertz\pns\domain\MethodArgList_Roo_Finder.aj
G:\Backup project\Project-Navigation-System\src\main\java\com\fiftyhertz\pns\domain\MethodArgList_Roo_JavaBean.aj
G:\Backup project\Project-Navigation-System\src\main\java\com\fiftyhertz\pns\domain\MethodArgList_Roo_Jpa_ActiveRecord.aj
G:\Backup project\Project-Navigation-System\src\main\java\com\fiftyhertz\pns\domain\MethodArgList_Roo_Jpa_Entity.aj
G:\Backup project\Project-Navigation-System\src\main\java\com\fiftyhertz\pns\domain\MethodArgList_Roo_Json.aj
G:\Backup project\Project-Navigation-System\src\main\java\com\fiftyhertz\pns\domain\MethodArgList_Roo_ToString.aj
G:\Backup project\Project-Navigation-System\src\main\java\com\fiftyhertz\pns\domain\MethodDetail.java
G:\Backup project\Project-Navigation-System\src\main\java\com\fiftyhertz\pns\domain\MethodDetail_Roo_Configurable.aj
G:\Backup project\Project-Navigation-System\src\main\java\com\fiftyhertz\pns\domain\MethodDetail_Roo_Finder.aj
G:\Backup project\Project-Navigation-System\src\main\java\com\fiftyhertz\pns\domain\MethodDetail_Roo_JavaBean.aj
G:\Backup project\Project-Navigation-System\src\main\java\com\fiftyhertz\pns\domain\MethodDetail_Roo_Jpa_ActiveRecord.aj
G:\Backup project\Project-Navigation-System\src\main\java\com\fiftyhertz\pns\domain\MethodDetail_Roo_Jpa_Entity.aj
G:\Backup project\Project-Navigation-System\src\main\java\com\fiftyhertz\pns\domain\MethodDetail_Roo_Json.aj
G:\Backup project\Project-Navigation-System\src\main\java\com\fiftyhertz\pns\domain\MethodDetail_Roo_ToString.aj
G:\Backup project\Project-Navigation-System\src\main\java\com\fiftyhertz\pns\domain\PackageDetails.java
G:\Backup project\Project-Navigation-System\src\main\java\com\fiftyhertz\pns\domain\PackageDetails_Roo_Configurable.aj
G:\Backup project\Project-Navigation-System\src\main\java\com\fiftyhertz\pns\domain\PackageDetails_Roo_Finder.aj
G:\Backup project\Project-Navigation-System\src\main\java\com\fiftyhertz\pns\domain\PackageDetails_Roo_JavaBean.aj
G:\Backup project\Project-Navigation-System\src\main\java\com\fiftyhertz\pns\domain\PackageDetails_Roo_Jpa_ActiveRecord.aj
G:\Backup project\Project-Navigation-System\src\main\java\com\fiftyhertz\pns\domain\PackageDetails_Roo_Jpa_Entity.aj
G:\Backup project\Project-Navigation-System\src\main\java\com\fiftyhertz\pns\domain\PackageDetails_Roo_Json.aj
G:\Backup project\Project-Navigation-System\src\main\java\com\fiftyhertz\pns\domain\PackageDetails_Roo_ToString.aj
G:\Backup project\Project-Navigation-System\src\main\java\com\fiftyhertz\pns\domain\Project.java
G:\Backup project\Project-Navigation-System\src\main\java\com\fiftyhertz\pns\domain\Project_Roo_Configurable.aj
G:\Backup project\Project-Navigation-System\src\main\java\com\fiftyhertz\pns\domain\Project_Roo_JavaBean.aj
G:\Backup project\Project-Navigation-System\src\main\java\com\fiftyhertz\pns\domain\Project_Roo_Jpa_ActiveRecord.aj
G:\Backup project\Project-Navigation-System\src\main\java\com\fiftyhertz\pns\domain\Project_Roo_Jpa_Entity.aj
G:\Backup project\Project-Navigation-System\src\main\java\com\fiftyhertz\pns\domain\Project_Roo_Json.aj
G:\Backup project\Project-Navigation-System\src\main\java\com\fiftyhertz\pns\domain\Project_Roo_ToString.aj
G:\Backup project\Project-Navigation-System\src\main\java\com\fiftyhertz\pns\domain\VariableDetails.java
G:\Backup project\Project-Navigation-System\src\main\java\com\fiftyhertz\pns\domain\VariableDetails_Roo_Configurable.aj
G:\Backup project\Project-Navigation-System\src\main\java\com\fiftyhertz\pns\domain\VariableDetails_Roo_JavaBean.aj
G:\Backup project\Project-Navigation-System\src\main\java\com\fiftyhertz\pns\domain\VariableDetails_Roo_Jpa_ActiveRecord.aj
G:\Backup project\Project-Navigation-System\src\main\java\com\fiftyhertz\pns\domain\VariableDetails_Roo_Jpa_Entity.aj
G:\Backup project\Project-Navigation-System\src\main\java\com\fiftyhertz\pns\domain\VariableDetails_Roo_Json.aj
G:\Backup project\Project-Navigation-System\src\main\java\com\fiftyhertz\pns\domain\VariableDetails_Roo_ToString.aj
G:\Backup project\Project-Navigation-System\src\main\java\com\fiftyhertz\pns\web\ApplicationConversionServiceFactoryBean.java
G:\Backup project\Project-Navigation-System\src\main\java\com\fiftyhertz\pns\web\ApplicationConversionServiceFactoryBean_Roo_ConversionService.aj
G:\Backup project\Project-Navigation-System\src\main\java\com\fiftyhertz\pns\web\ClassDetailsController.java
G:\Backup project\Project-Navigation-System\src\main\java\com\fiftyhertz\pns\web\ClassDetailsController_Roo_Controller.aj
G:\Backup project\Project-Navigation-System\src\main\java\com\fiftyhertz\pns\web\ClassDetailsController_Roo_Controller_Finder.aj
G:\Backup project\Project-Navigation-System\src\main\java\com\fiftyhertz\pns\web\ClassDetailsController_Roo_Controller_Json.aj
G:\Backup project\Project-Navigation-System\src\main\java\com\fiftyhertz\pns\web\FileUploadController.java
G:\Backup project\Project-Navigation-System\src\main\java\com\fiftyhertz\pns\web\MethodArgListController.java
G:\Backup project\Project-Navigation-System\src\main\java\com\fiftyhertz\pns\web\MethodArgListController_Roo_Controller.aj
G:\Backup project\Project-Navigation-System\src\main\java\com\fiftyhertz\pns\web\MethodArgListController_Roo_Controller_Finder.aj
G:\Backup project\Project-Navigation-System\src\main\java\com\fiftyhertz\pns\web\MethodArgListController_Roo_Controller_Json.aj
G:\Backup project\Project-Navigation-System\src\main\java\com\fiftyhertz\pns\web\MethodDetailController.java
G:\Backup project\Project-Navigation-System\src\main\java\com\fiftyhertz\pns\web\MethodDetailController_Roo_Controller.aj
G:\Backup project\Project-Navigation-System\src\main\java\com\fiftyhertz\pns\web\MethodDetailController_Roo_Controller_Finder.aj
G:\Backup project\Project-Navigation-System\src\main\java\com\fiftyhertz\pns\web\MethodDetailController_Roo_Controller_Json.aj
G:\Backup project\Project-Navigation-System\src\main\java\com\fiftyhertz\pns\web\PackageDetailsController.java
G:\Backup project\Project-Navigation-System\src\main\java\com\fiftyhertz\pns\web\PackageDetailsController_Roo_Controller.aj
G:\Backup project\Project-Navigation-System\src\main\java\com\fiftyhertz\pns\web\PackageDetailsController_Roo_Controller_Finder.aj
G:\Backup project\Project-Navigation-System\src\main\java\com\fiftyhertz\pns\web\PackageDetailsController_Roo_Controller_Json.aj
G:\Backup project\Project-Navigation-System\src\main\java\com\fiftyhertz\pns\web\ProjectController.java
G:\Backup project\Project-Navigation-System\src\main\java\com\fiftyhertz\pns\web\ProjectController_Roo_Controller.aj
G:\Backup project\Project-Navigation-System\src\main\java\com\fiftyhertz\pns\web\UploadController.java
G:\Backup project\Project-Navigation-System\src\main\java\com\fiftyhertz\pns\web\VariableDetailsController.java
G:\Backup project\Project-Navigation-System\src\main\java\com\fiftyhertz\pns\web\VariableDetailsController_Roo_Controller.aj
G:\Backup project\Project-Navigation-System\src\main\java\com\fiftyhertz\pns\web\VariableDetailsController_Roo_Controller_Json.aj
G:\Backup project\Project-Navigation-System\src\main\java\com\fiftyhertz\UploadServlet.java
